genome partition size for multiprocessing: 1050000
using 12 processors for 2607 number of tasks
genome partition size for multiprocessing: 56781696
using 12 processors for 60 number of tasks
Processing chr19:56781696-61431566
Processing chr4:113563392-156508116
Processing chr8:56781696-113563392
Processing chr16:56781696-98207768
Processing chr10:0-56781696
Processing chr11:113563392-122082543
Processing chr3:56781696-113563392
Processing chr15:0-56781696
Processing chr4:0-56781696
Processing chr17:56781696-94987271
Processing chrY:56781696-91744698
Processing chr19:0-56781696
Processing chr5:56781696-113563392
Processing chr13:0-56781696
Processing chr1:113563392-170345088
Processing chr13:113563392-120421639
Processing chrX:170345088-171031299
Processing chrX:113563392-170345088
Processing chr13:56781696-113563392
Processing chrX:0-56781696
Processing chr7:56781696-113563392
Processing chr10:113563392-130694993
Processing chr14:113563392-124902244
Processing chr16:0-56781696
Processing chr1:170345088-195471971
Processing chr15:56781696-104043685
Processing chr12:0-56781696
Processing chr8:0-56781696
Processing chr9:56781696-113563392
Processing chr1:0-56781696
Processing chr6:0-56781696
Processing chrY:0-56781696
Processing chr5:0-56781696
Processing chr14:0-56781696
Processing chr17:0-56781696
Processing chr1:56781696-113563392
Processing chr2:113563392-170345088
Processing chrX:56781696-113563392
Processing chr11:56781696-113563392
Processing chr3:113563392-160039680
Processing chr12:56781696-113563392
Processing chr18:0-56781696
Processing chr7:0-56781696
Processing chr11:0-56781696
Processing chr9:0-56781696
Processing chr2:56781696-113563392
Processing chr14:56781696-113563392
Processing chr18:56781696-90702639
Processing chr6:56781696-113563392
Processing chr2:170345088-182113224
Processing chr4:56781696-113563392
Processing chr12:113563392-120129022
Processing chr10:56781696-113563392
Processing chr7:113563392-145441459
Processing chr3:0-56781696
Processing chr2:0-56781696
Processing chr8:113563392-129401213
Processing chr9:113563392-124595110
Processing chr6:113563392-149736546
Processing chr5:113563392-151834684
genome partition size for multiprocessing: 1050000
using 12 processors for 2607 number of tasks
genome partition size for multiprocessing: 56781696
using 12 processors for 60 number of tasks
Processing chr16:0-56781696
Processing chr19:0-56781696
Processing chr3:113563392-160039680
Processing chr6:56781696-113563392
Processing chr6:0-56781696
Processing chr10:0-56781696
Processing chrX:0-56781696
Processing chrY:0-56781696
Processing chr5:0-56781696
Processing chr13:56781696-113563392
Processing chr16:56781696-98207768
Processing chr3:56781696-113563392
Processing chr7:56781696-113563392
Processing chr3:0-56781696
Processing chr9:56781696-113563392
Processing chr1:56781696-113563392
Processing chr14:113563392-124902244
Processing chr18:56781696-90702639
Processing chr11:56781696-113563392
Processing chr1:113563392-170345088
Processing chr12:56781696-113563392
Processing chr5:56781696-113563392
Processing chr2:170345088-182113224
Processing chrX:170345088-171031299
Processing chr9:0-56781696
Processing chr8:0-56781696
Processing chr4:0-56781696
Processing chr2:56781696-113563392
Processing chr14:0-56781696
Processing chr15:56781696-104043685
Processing chr14:56781696-113563392
Processing chr12:113563392-120129022
Processing chr15:0-56781696
Processing chr11:113563392-122082543
Processing chrY:56781696-91744698
Processing chr11:0-56781696
Processing chr13:113563392-120421639
Processing chr2:0-56781696
Processing chr18:0-56781696
Processing chr10:113563392-130694993
Processing chr13:0-56781696
Processing chr9:113563392-124595110
Processing chr5:113563392-151834684
Processing chr8:113563392-129401213
Processing chr2:113563392-170345088
Processing chr17:0-56781696
Processing chr12:0-56781696
Processing chr8:56781696-113563392
Processing chr6:113563392-149736546
Processing chr7:113563392-145441459
Processing chrX:56781696-113563392
Processing chr1:170345088-195471971
Processing chr4:56781696-113563392
Processing chr7:0-56781696
Processing chr17:56781696-94987271
Processing chr1:0-56781696
Processing chrX:113563392-170345088
Processing chr19:56781696-61431566
Processing chr4:113563392-156508116
Processing chr10:56781696-113563392
genome partition size for multiprocessing: 1050000
using 12 processors for 2607 number of tasks
genome partition size for multiprocessing: 56781696
using 12 processors for 60 number of tasks
Processing chr12:56781696-113563392
Processing chr13:0-56781696
Processing chr13:113563392-120421639
Processing chr8:113563392-129401213
Processing chrX:56781696-113563392
Processing chr2:170345088-182113224
Processing chr8:0-56781696
Processing chr7:0-56781696
Processing chr9:56781696-113563392
Processing chr11:113563392-122082543
Processing chr2:113563392-170345088
Processing chr6:113563392-149736546
Processing chr12:113563392-120129022
Processing chr7:113563392-145441459
Processing chr6:0-56781696
Processing chr9:113563392-124595110
Processing chr8:56781696-113563392
Processing chr4:56781696-113563392
Processing chr3:56781696-113563392
Processing chr18:56781696-90702639
Processing chrY:56781696-91744698
Processing chr11:56781696-113563392
Processing chr11:0-56781696
Processing chrX:0-56781696
Processing chr1:56781696-113563392
Processing chr16:0-56781696
Processing chr18:0-56781696
Processing chr13:56781696-113563392
Processing chr10:56781696-113563392
Processing chr5:0-56781696
Processing chr17:56781696-94987271
Processing chr7:56781696-113563392
Processing chr1:170345088-195471971
Processing chr3:0-56781696
Processing chr10:113563392-130694993
Processing chr14:56781696-113563392
Processing chr14:113563392-124902244
Processing chr17:0-56781696
Processing chrX:113563392-170345088
Processing chr12:0-56781696
Processing chr9:0-56781696
Processing chr3:113563392-160039680
Processing chr1:113563392-170345088
Processing chr14:0-56781696
Processing chr5:56781696-113563392
Processing chrY:0-56781696
Processing chr15:0-56781696
Processing chr4:0-56781696
Processing chr6:56781696-113563392
Processing chr4:113563392-156508116
Processing chr19:56781696-61431566
Processing chr2:56781696-113563392
Processing chr2:0-56781696
Processing chr16:56781696-98207768
Processing chr5:113563392-151834684
Processing chr1:0-56781696
Processing chr19:0-56781696
Processing chr10:0-56781696
Processing chrX:170345088-171031299
Processing chr15:56781696-104043685
genome partition size for multiprocessing: 1050000
using 12 processors for 2607 number of tasks
genome partition size for multiprocessing: 56781696
using 12 processors for 60 number of tasks
Processing chr11:56781696-113563392
Processing chr1:0-56781696
Processing chrX:113563392-170345088
Processing chr12:113563392-120129022
Processing chr4:56781696-113563392
Processing chr8:113563392-129401213
Processing chr10:0-56781696
Processing chr5:113563392-151834684
Processing chr18:56781696-90702639
Processing chrX:170345088-171031299
Processing chrY:56781696-91744698
Processing chr2:113563392-170345088
Processing chr12:56781696-113563392
Processing chrX:56781696-113563392
Processing chr2:0-56781696
Processing chr14:56781696-113563392
Processing chr7:0-56781696
Processing chr1:56781696-113563392
Processing chr11:0-56781696
Processing chr2:56781696-113563392
Processing chr3:56781696-113563392
Processing chr4:0-56781696
Processing chr16:0-56781696
Processing chr4:113563392-156508116
Processing chr17:0-56781696
Processing chr14:113563392-124902244
Processing chr14:0-56781696
Processing chr8:56781696-113563392
Processing chr5:56781696-113563392
Processing chr10:113563392-130694993
Processing chr6:56781696-113563392
Processing chr16:56781696-98207768
Processing chr15:56781696-104043685
Processing chr13:0-56781696
Processing chr6:113563392-149736546
Processing chr11:113563392-122082543
Processing chr7:56781696-113563392
Processing chr5:0-56781696
Processing chr1:170345088-195471971
Processing chr15:0-56781696
Processing chr7:113563392-145441459
Processing chr9:113563392-124595110
Processing chr8:0-56781696
Processing chr12:0-56781696
Processing chr13:113563392-120421639
Processing chr10:56781696-113563392
Processing chr1:113563392-170345088
Processing chr13:56781696-113563392
Processing chr9:0-56781696
Processing chr3:113563392-160039680
Processing chr3:0-56781696
Processing chr18:0-56781696
Processing chr17:56781696-94987271
Processing chr6:0-56781696
Processing chrX:0-56781696
Processing chr9:56781696-113563392
Processing chr19:56781696-61431566
Processing chr2:170345088-182113224
Processing chr19:0-56781696
Processing chrY:0-56781696
genome partition size for multiprocessing: 1050000
using 12 processors for 2607 number of tasks
genome partition size for multiprocessing: 56781696
using 12 processors for 60 number of tasks
Processing chr2:56781696-113563392
Processing chr11:0-56781696
Processing chrX:0-56781696
Processing chr16:56781696-98207768
Processing chr6:0-56781696
Processing chr9:113563392-124595110
Processing chr3:56781696-113563392
Processing chr12:56781696-113563392
Processing chr4:56781696-113563392
Processing chrX:113563392-170345088
Processing chr9:0-56781696
Processing chr16:0-56781696
Processing chr17:56781696-94987271
Processing chr14:56781696-113563392
Processing chr15:0-56781696
Processing chr8:56781696-113563392
Processing chr2:0-56781696
Processing chr9:56781696-113563392
Processing chr10:0-56781696
Processing chrX:56781696-113563392
Processing chr19:56781696-61431566
Processing chr4:113563392-156508116
Processing chr13:113563392-120421639
Processing chr2:170345088-182113224
Processing chr18:56781696-90702639
Processing chr7:56781696-113563392
Processing chr12:113563392-120129022
Processing chr13:56781696-113563392
Processing chr10:113563392-130694993
Processing chr1:170345088-195471971
Processing chr11:56781696-113563392
Processing chr5:0-56781696
Processing chr1:0-56781696
Processing chr14:113563392-124902244
Processing chr1:113563392-170345088
Processing chr12:0-56781696
Processing chr4:0-56781696
Processing chr17:0-56781696
Processing chrY:56781696-91744698
Processing chr7:0-56781696
Processing chrX:170345088-171031299
Processing chr6:56781696-113563392
Processing chr15:56781696-104043685
Processing chr3:0-56781696
Processing chr3:113563392-160039680
Processing chr14:0-56781696
Processing chr8:0-56781696
Processing chr6:113563392-149736546
Processing chr11:113563392-122082543
Processing chr2:113563392-170345088
Processing chr5:56781696-113563392
Processing chr7:113563392-145441459
Processing chr8:113563392-129401213
Processing chr18:0-56781696
Processing chr13:0-56781696
Processing chr10:56781696-113563392
Processing chr19:0-56781696
Processing chr1:56781696-113563392
Processing chr5:113563392-151834684
Processing chrY:0-56781696
genome partition size for multiprocessing: 1050000
using 12 processors for 2607 number of tasks
genome partition size for multiprocessing: 56781696
using 12 processors for 60 number of tasks
Processing chr14:0-56781696
Processing chr1:113563392-170345088
Processing chr6:56781696-113563392
Processing chr1:170345088-195471971
Processing chr3:113563392-160039680
Processing chrX:170345088-171031299
Processing chr19:56781696-61431566
Processing chr14:113563392-124902244
Processing chr12:56781696-113563392
Processing chr5:113563392-151834684
Processing chr10:0-56781696
Processing chr11:113563392-122082543
Processing chr9:56781696-113563392
Processing chr16:0-56781696
Processing chr18:0-56781696
Processing chrX:0-56781696
Processing chr10:113563392-130694993
Processing chr2:56781696-113563392
Processing chr9:113563392-124595110
Processing chr17:56781696-94987271
Processing chr3:0-56781696
Processing chr13:113563392-120421639
Processing chr15:0-56781696
Processing chr3:56781696-113563392
Processing chr14:56781696-113563392
Processing chr16:56781696-98207768
Processing chr18:56781696-90702639
Processing chr15:56781696-104043685
Processing chr6:0-56781696
Processing chr13:0-56781696
Processing chr1:0-56781696
Processing chr4:113563392-156508116
Processing chr7:113563392-145441459
Processing chr9:0-56781696
Processing chr2:113563392-170345088
Processing chr5:56781696-113563392
Processing chr13:56781696-113563392
Processing chr10:56781696-113563392
Processing chr17:0-56781696
Processing chr2:0-56781696
Processing chr12:0-56781696
Processing chr8:0-56781696
Processing chr7:56781696-113563392
Processing chr11:56781696-113563392
Processing chr6:113563392-149736546
Processing chr8:56781696-113563392
Processing chrX:113563392-170345088
Processing chr2:170345088-182113224
Processing chr12:113563392-120129022
Processing chr1:56781696-113563392
Processing chr8:113563392-129401213
Processing chr4:0-56781696
Processing chr7:0-56781696
Processing chr5:0-56781696
Processing chrX:56781696-113563392
Processing chrY:56781696-91744698
Processing chr11:0-56781696
Processing chr4:56781696-113563392
Processing chrY:0-56781696
Processing chr19:0-56781696
genome partition size for multiprocessing: 1050000
using 12 processors for 2607 number of tasks
genome partition size for multiprocessing: 56781696
using 12 processors for 60 number of tasks
Processing chr4:113563392-156508116
Processing chr15:0-56781696
Processing chr11:0-56781696
Processing chrY:56781696-91744698
Processing chr4:0-56781696
Processing chr7:56781696-113563392
Processing chr8:56781696-113563392
Processing chr11:113563392-122082543
Processing chr19:56781696-61431566
Processing chr9:0-56781696
Processing chr2:113563392-170345088
Processing chr18:56781696-90702639
Processing chrX:56781696-113563392
Processing chr6:113563392-149736546
Processing chr16:56781696-98207768
Processing chr1:170345088-195471971
Processing chr12:0-56781696
Processing chr13:56781696-113563392
Processing chr13:0-56781696
Processing chr7:113563392-145441459
Processing chr4:56781696-113563392
Processing chr1:56781696-113563392
Processing chr10:113563392-130694993
Processing chr2:56781696-113563392
Processing chr12:113563392-120129022
Processing chr13:113563392-120421639
Processing chrX:113563392-170345088
Processing chr3:0-56781696
Processing chr9:113563392-124595110
Processing chr7:0-56781696
Processing chr17:0-56781696
Processing chr12:56781696-113563392
Processing chr14:113563392-124902244
Processing chr8:0-56781696
Processing chr10:56781696-113563392
Processing chr6:0-56781696
Processing chr3:56781696-113563392
Processing chr9:56781696-113563392
Processing chr2:170345088-182113224
Processing chr17:56781696-94987271
Processing chr5:0-56781696
Processing chr18:0-56781696
Processing chr14:56781696-113563392
Processing chr2:0-56781696
Processing chr10:0-56781696
Processing chr14:0-56781696
Processing chr8:113563392-129401213
Processing chrY:0-56781696
Processing chr1:0-56781696
Processing chr19:0-56781696
Processing chrX:0-56781696
Processing chr3:113563392-160039680
Processing chr15:56781696-104043685
Processing chr11:56781696-113563392
Processing chrX:170345088-171031299
Processing chr6:56781696-113563392
Processing chr1:113563392-170345088
Processing chr5:56781696-113563392
Processing chr5:113563392-151834684
Processing chr16:0-56781696
genome partition size for multiprocessing: 1050000
using 12 processors for 2607 number of tasks
genome partition size for multiprocessing: 56781696
using 12 processors for 60 number of tasks
Processing chr8:56781696-113563392
Processing chrX:56781696-113563392
Processing chr1:0-56781696
Processing chr7:56781696-113563392
Processing chr15:0-56781696
Processing chr4:113563392-156508116
Processing chr13:56781696-113563392
Processing chr4:0-56781696
Processing chrY:56781696-91744698
Processing chr10:113563392-130694993
Processing chr4:56781696-113563392
Processing chr2:170345088-182113224
Processing chr11:113563392-122082543
Processing chr5:56781696-113563392
Processing chr19:56781696-61431566
Processing chr8:0-56781696
Processing chr18:56781696-90702639
Processing chr19:0-56781696
Processing chrX:170345088-171031299
Processing chr12:56781696-113563392
Processing chr10:56781696-113563392
Processing chr3:113563392-160039680
Processing chr13:0-56781696
Processing chrY:0-56781696
Processing chr13:113563392-120421639
Processing chr17:56781696-94987271
Processing chr2:0-56781696
Processing chr12:113563392-120129022
Processing chr2:56781696-113563392
Processing chr6:56781696-113563392
Processing chr6:0-56781696
Processing chr11:0-56781696
Processing chr3:56781696-113563392
Processing chr2:113563392-170345088
Processing chr3:0-56781696
Processing chr9:56781696-113563392
Processing chr10:0-56781696
Processing chr17:0-56781696
Processing chr9:0-56781696
Processing chr14:56781696-113563392
Processing chr16:56781696-98207768
Processing chr1:170345088-195471971
Processing chr8:113563392-129401213
Processing chr6:113563392-149736546
Processing chr14:0-56781696
Processing chr16:0-56781696
Processing chr11:56781696-113563392
Processing chr7:0-56781696
Processing chr1:56781696-113563392
Processing chr5:0-56781696
Processing chrX:0-56781696
Processing chr15:56781696-104043685
Processing chr18:0-56781696
Processing chr12:0-56781696
Processing chr14:113563392-124902244
Processing chr9:113563392-124595110
Processing chrX:113563392-170345088
Processing chr7:113563392-145441459
Processing chr1:113563392-170345088
Processing chr5:113563392-151834684
