[2022-11-16 11:07:32,920] multiqc                                            [DEBUG  ]  This is MultiQC v1.13
[2022-11-16 11:07:32,921] multiqc                                            [DEBUG  ]  Command used: /home/ext-smcclymont/.local/bin/multiqc . --ignore FastQC_SN4741/
[2022-11-16 11:07:33,420] multiqc                                            [DEBUG  ]  Latest MultiQC version is v1.13
[2022-11-16 11:07:33,420] multiqc                                            [DEBUG  ]  Working dir : /data/amccall2/work/SAM/updated_analysis/SN4741_analysis
[2022-11-16 11:07:33,420] multiqc                                            [DEBUG  ]  Template    : default
[2022-11-16 11:07:33,420] multiqc                                            [DEBUG  ]  Running Python 3.6.8 (default, Nov 21 2019, 19:31:34)  [GCC 8.3.1 20190507 (Red Hat 8.3.1-4)]
[2022-11-16 11:07:33,420] multiqc                                            [DEBUG  ]  Ignoring files, directories and paths that match: FastQC_SN4741/
[2022-11-16 11:07:33,421] multiqc                                            [DEBUG  ]  Analysing modules: custom_content, ccs, ngsderive, purple, conpair, lima, peddy, somalier, methylQA, mosdepth, phantompeakqualtools, qualimap, preseq, quast, qorts, rna_seqc, rockhopper, rsem, rseqc, busco, bustools, goleft_indexcov, gffcompare, disambiguate, supernova, deeptools, sargasso, verifybamid, mirtrace, happy, mirtop, sambamba, homer, hops, macs2, theta2, snpeff, gatk, htseq, bcftools, featureCounts, fgbio, dragen, dedup, pbmarkdup, damageprofiler, biobambam2, jcvi, mtnucratio, picard, vep, sentieon, prokka, qc3C, nanostat, samblaster, samtools, sexdeterrmine, eigenstratdatabasetools, bamtools, jellyfish, vcftools, longranger, stacks, varscan2, snippy, bbmap, bismark, biscuit, hicexplorer, hicup, hicpro, salmon, kallisto, slamdunk, star, hisat2, tophat, bowtie2, bowtie1, snpsplit, odgi, pangolin, kat, leehom, adapterRemoval, clipandmerge, cutadapt, flexbar, kaiju, kraken, malt, trimmomatic, sickle, skewer, sortmerna, biobloomtools, fastq_screen, afterqc, fastp, fastqc, pychopper, pycoqc, minionqc, multivcfanalyzer, clusterflow, checkqc, bcl2fastq, bclconvert, interop, ivar, flash, seqyclean, optitype, whatshap
[2022-11-16 11:07:33,421] multiqc                                            [DEBUG  ]  Using temporary directory for creating report: /tmp/tmp1uh5x1zw
[2022-11-16 11:07:33,590] multiqc                                            [INFO   ]  Search path : /data/amccall2/work/SAM/updated_analysis/SN4741_analysis
[2022-11-16 11:07:51,955] multiqc                                            [DEBUG  ]  Summary of files that were skipped by the search: [skipped_module_specific_max_filesize: 167] // [skipped_no_match: 100] // [skipped_ignore_pattern: 72] // [skipped_filesize_limit: 8] // [skipped_directory_fn_ignore_dirs: 1]
[2022-11-16 11:07:52,385] multiqc                                            [DEBUG  ]  No samples found: custom_content
[2022-11-16 11:07:53,267] multiqc.modules.macs2.macs2                        [INFO   ]  Found 8 logs
[2022-11-16 11:07:53,469] multiqc.modules.picard.picard                      [INFO   ]  Found 8 MarkDuplicates reports
[2022-11-16 11:07:53,597] multiqc.modules.bowtie2.bowtie2                    [INFO   ]  Found 8 reports
[2022-11-16 11:07:53,616] multiqc                                            [INFO   ]  Compressing plot data
[2022-11-16 11:07:53,623] multiqc                                            [INFO   ]  Report      : multiqc_report.html
[2022-11-16 11:07:53,623] multiqc                                            [INFO   ]  Data        : multiqc_data
[2022-11-16 11:07:53,623] multiqc                                            [DEBUG  ]  Moving data file from '/tmp/tmp1uh5x1zw/multiqc_data' to '/data/amccall2/work/SAM/updated_analysis/SN4741_analysis/multiqc_data'
[2022-11-16 11:07:56,243] multiqc                                            [INFO   ]  MultiQC complete
